<?xml version="1.0" encoding="UTF-8"?>
<testng-results ignored="0" total="1" passed="1" failed="0" skipped="0">
  <reporter-output>
  </reporter-output>
  <suite started-at="2022-01-21T01:59:21 CST" name="Default suite" finished-at="2022-01-21T01:59:27 CST" duration-ms="6285">
    <groups>
    </groups>
    <test started-at="2022-01-21T01:59:21 CST" name="Default test" finished-at="2022-01-21T01:59:27 CST" duration-ms="6285">
      <class name="restAssuredTests.testGet">
        <test-method signature="getInfo()[pri:0, instance:restAssuredTests.testGet@6a84a97d]" started-at="2022-01-21T01:59:21 CST" name="getInfo" finished-at="2022-01-21T01:59:27 CST" duration-ms="6212" status="PASS">
          <reporter-output>
          </reporter-output>
        </test-method> <!-- getInfo -->
      </class> <!-- restAssuredTests.testGet -->
    </test> <!-- Default test -->
  </suite> <!-- Default suite -->
</testng-results>
